2023-11-15 12:55:15,864 [1] INFO Microsoft.Hosting.Lifetime.?[?] - Now listening on: http://localhost:5041
2023-11-15 12:55:16,623 [1] INFO Microsoft.Hosting.Lifetime.OnApplicationStarted[0] - Application started. Press Ctrl+C to shut down.
2023-11-15 12:55:16,641 [1] INFO Microsoft.Hosting.Lifetime.OnApplicationStarted[0] - Hosting environment: Development
2023-11-15 12:55:16,646 [1] INFO Microsoft.Hosting.Lifetime.OnApplicationStarted[0] - Content root path: D:\hexaware\project\BusTicketingWebSolution\BusTicketingWebApplication\
2023-11-15 12:57:03,135 [.NET ThreadPool Worker] INFO Microsoft.EntityFrameworkCore.Infrastructure.?[?] - Entity Framework Core 6.0.24 initialized 'TicketingContext' using provider 'Microsoft.EntityFrameworkCore.SqlServer:6.0.24' with options: None
2023-11-15 12:57:14,019 [.NET ThreadPool Worker] INFO Microsoft.EntityFrameworkCore.Database.Command.?[?] - Executed DbCommand (427ms) [Parameters=[@__key_0='?' (Size = 450)], CommandType='Text', CommandTimeout='30']
SELECT TOP(2) [u].[Username], [u].[Key], [u].[Password], [u].[Role]
FROM [Users] AS [u]
WHERE [u].[Username] = @__key_0
2023-11-15 13:01:19,468 [.NET ThreadPool Worker] INFO Microsoft.EntityFrameworkCore.Infrastructure.?[?] - Entity Framework Core 6.0.24 initialized 'TicketingContext' using provider 'Microsoft.EntityFrameworkCore.SqlServer:6.0.24' with options: None
2023-11-15 13:01:20,527 [.NET ThreadPool Worker] INFO Microsoft.EntityFrameworkCore.Database.Command.?[?] - Executed DbCommand (188ms) [Parameters=[@p0='?' (DbType = Int32), @p1='?' (DbType = Single), @p2='?' (Size = 4000), @p3='?' (Size = 4000), @p4='?' (Size = 4000)], CommandType='Text', CommandTimeout='30']
SET NOCOUNT ON;
INSERT INTO [Buses] ([Capacity], [Cost], [End], [Start], [Type])
VALUES (@p0, @p1, @p2, @p3, @p4);
SELECT [Id]
FROM [Buses]
WHERE @@ROWCOUNT = 1 AND [Id] = scope_identity();
2023-11-15 13:01:42,020 [.NET ThreadPool Worker] INFO Microsoft.EntityFrameworkCore.Infrastructure.?[?] - Entity Framework Core 6.0.24 initialized 'TicketingContext' using provider 'Microsoft.EntityFrameworkCore.SqlServer:6.0.24' with options: None
2023-11-15 13:01:42,118 [.NET ThreadPool Worker] INFO Microsoft.EntityFrameworkCore.Database.Command.?[?] - Executed DbCommand (16ms) [Parameters=[], CommandType='Text', CommandTimeout='30']
SELECT COUNT(*)
FROM [Buses] AS [b]
2023-11-15 13:01:42,146 [.NET ThreadPool Worker] INFO Microsoft.EntityFrameworkCore.Database.Command.?[?] - Executed DbCommand (8ms) [Parameters=[], CommandType='Text', CommandTimeout='30']
SELECT [b].[Id], [b].[Capacity], [b].[Cost], [b].[End], [b].[Start], [b].[Type]
FROM [Buses] AS [b]
2023-11-15 13:01:44,063 [.NET ThreadPool Worker] INFO Microsoft.EntityFrameworkCore.Infrastructure.?[?] - Entity Framework Core 6.0.24 initialized 'TicketingContext' using provider 'Microsoft.EntityFrameworkCore.SqlServer:6.0.24' with options: None
2023-11-15 13:01:44,071 [.NET ThreadPool Worker] INFO Microsoft.EntityFrameworkCore.Database.Command.?[?] - Executed DbCommand (0ms) [Parameters=[], CommandType='Text', CommandTimeout='30']
SELECT COUNT(*)
FROM [Buses] AS [b]
2023-11-15 13:01:44,080 [.NET ThreadPool Worker] INFO Microsoft.EntityFrameworkCore.Database.Command.?[?] - Executed DbCommand (1ms) [Parameters=[], CommandType='Text', CommandTimeout='30']
SELECT [b].[Id], [b].[Capacity], [b].[Cost], [b].[End], [b].[Start], [b].[Type]
FROM [Buses] AS [b]
2023-11-15 15:52:44,575 [1] INFO Microsoft.Hosting.Lifetime.?[?] - Now listening on: http://localhost:5041
2023-11-15 15:52:45,011 [1] INFO Microsoft.Hosting.Lifetime.OnApplicationStarted[0] - Application started. Press Ctrl+C to shut down.
2023-11-15 15:52:45,025 [1] INFO Microsoft.Hosting.Lifetime.OnApplicationStarted[0] - Hosting environment: Development
2023-11-15 15:52:45,030 [1] INFO Microsoft.Hosting.Lifetime.OnApplicationStarted[0] - Content root path: D:\hexaware\project\BusTicketingWebSolution\BusTicketingWebApplication\
2023-11-16 12:19:05,837 [1] INFO Microsoft.Hosting.Lifetime.?[?] - Now listening on: http://localhost:5041
2023-11-16 12:19:06,057 [1] INFO Microsoft.Hosting.Lifetime.OnApplicationStarted[0] - Application started. Press Ctrl+C to shut down.
2023-11-16 12:19:06,063 [1] INFO Microsoft.Hosting.Lifetime.OnApplicationStarted[0] - Hosting environment: Development
2023-11-16 12:19:06,066 [1] INFO Microsoft.Hosting.Lifetime.OnApplicationStarted[0] - Content root path: C:\Users\vinay\OneDrive\Desktop\whole not hole\BusTicketingWebSolution\BusTicketingWebSolution\BusTicketingWebApplication\
2023-11-16 12:20:35,696 [1] INFO Microsoft.EntityFrameworkCore.Infrastructure.?[?] - Entity Framework Core 6.0.24 initialized 'TicketingContext' using provider 'Microsoft.EntityFrameworkCore.SqlServer:6.0.24' with options: None
2023-11-16 12:23:24,749 [1] INFO Microsoft.EntityFrameworkCore.Infrastructure.?[?] - Entity Framework Core 6.0.24 initialized 'TicketingContext' using provider 'Microsoft.EntityFrameworkCore.SqlServer:6.0.24' with options: None
2023-11-16 12:23:49,711 [1] INFO Microsoft.EntityFrameworkCore.Infrastructure.?[?] - Entity Framework Core 6.0.24 initialized 'TicketingContext' using provider 'Microsoft.EntityFrameworkCore.SqlServer:6.0.24' with options: None
2023-11-16 12:40:43,401 [1] INFO Microsoft.EntityFrameworkCore.Infrastructure.?[?] - Entity Framework Core 6.0.24 initialized 'TicketingContext' using provider 'Microsoft.EntityFrameworkCore.SqlServer:6.0.24' with options: None
2023-11-16 12:40:44,664 [1] INFO Microsoft.EntityFrameworkCore.Database.Command.?[?] - Executed DbCommand (701ms) [Parameters=[], CommandType='Text', CommandTimeout='60']
CREATE DATABASE [dbBusTicketMain];
2023-11-16 12:40:45,021 [1] INFO Microsoft.EntityFrameworkCore.Database.Command.?[?] - Executed DbCommand (350ms) [Parameters=[], CommandType='Text', CommandTimeout='60']
IF SERVERPROPERTY('EngineEdition') <> 5
BEGIN
    ALTER DATABASE [dbBusTicketMain] SET READ_COMMITTED_SNAPSHOT ON;
END;
2023-11-16 12:40:45,058 [1] INFO Microsoft.EntityFrameworkCore.Database.Command.?[?] - Executed DbCommand (14ms) [Parameters=[], CommandType='Text', CommandTimeout='30']
SELECT 1
2023-11-16 12:40:45,445 [1] INFO Microsoft.EntityFrameworkCore.Database.Command.?[?] - Executed DbCommand (258ms) [Parameters=[], CommandType='Text', CommandTimeout='30']
CREATE TABLE [__EFMigrationsHistory] (
    [MigrationId] nvarchar(150) NOT NULL,
    [ProductVersion] nvarchar(32) NOT NULL,
    CONSTRAINT [PK___EFMigrationsHistory] PRIMARY KEY ([MigrationId])
);
2023-11-16 12:40:45,448 [1] INFO Microsoft.EntityFrameworkCore.Database.Command.?[?] - Executed DbCommand (0ms) [Parameters=[], CommandType='Text', CommandTimeout='30']
SELECT 1
2023-11-16 12:40:45,491 [1] INFO Microsoft.EntityFrameworkCore.Database.Command.?[?] - Executed DbCommand (26ms) [Parameters=[], CommandType='Text', CommandTimeout='30']
SELECT OBJECT_ID(N'[__EFMigrationsHistory]');
2023-11-16 12:40:45,503 [1] INFO Microsoft.EntityFrameworkCore.Database.Command.?[?] - Executed DbCommand (6ms) [Parameters=[], CommandType='Text', CommandTimeout='30']
SELECT [MigrationId], [ProductVersion]
FROM [__EFMigrationsHistory]
ORDER BY [MigrationId];
2023-11-16 12:40:45,534 [1] INFO Microsoft.EntityFrameworkCore.Migrations.?[?] - Applying migration '20231116065324_Initial'.
2023-11-16 12:40:45,622 [1] INFO Microsoft.EntityFrameworkCore.Database.Command.?[?] - Executed DbCommand (42ms) [Parameters=[], CommandType='Text', CommandTimeout='30']
CREATE TABLE [Bookings] (
    [BookingId] int NOT NULL IDENTITY,
    [Username] nvarchar(max) NOT NULL,
    [User] nvarchar(max) NOT NULL,
    CONSTRAINT [PK_Bookings] PRIMARY KEY ([BookingId])
);
2023-11-16 12:40:45,626 [1] INFO Microsoft.EntityFrameworkCore.Database.Command.?[?] - Executed DbCommand (2ms) [Parameters=[], CommandType='Text', CommandTimeout='30']
CREATE TABLE [Buses] (
    [Id] int NOT NULL IDENTITY,
    [Type] nvarchar(max) NOT NULL,
    [Cost] real NOT NULL,
    [Capacity] int NOT NULL,
    [Start] nvarchar(max) NOT NULL,
    [End] nvarchar(max) NOT NULL,
    CONSTRAINT [PK_Buses] PRIMARY KEY ([Id])
);
2023-11-16 12:40:45,683 [1] INFO Microsoft.EntityFrameworkCore.Database.Command.?[?] - Executed DbCommand (56ms) [Parameters=[], CommandType='Text', CommandTimeout='30']
CREATE TABLE [Users] (
    [Username] nvarchar(450) NOT NULL,
    [Password] varbinary(max) NOT NULL,
    [Role] nvarchar(max) NOT NULL,
    [Key] varbinary(max) NOT NULL,
    CONSTRAINT [PK_Users] PRIMARY KEY ([Username])
);
2023-11-16 12:40:45,746 [1] INFO Microsoft.EntityFrameworkCore.Database.Command.?[?] - Executed DbCommand (62ms) [Parameters=[], CommandType='Text', CommandTimeout='30']
INSERT INTO [__EFMigrationsHistory] ([MigrationId], [ProductVersion])
VALUES (N'20231116065324_Initial', N'6.0.24');
2023-11-16 12:42:43,574 [1] INFO Microsoft.Hosting.Lifetime.?[?] - Now listening on: http://localhost:5041
2023-11-16 12:42:44,100 [1] INFO Microsoft.Hosting.Lifetime.OnApplicationStarted[0] - Application started. Press Ctrl+C to shut down.
2023-11-16 12:42:44,108 [1] INFO Microsoft.Hosting.Lifetime.OnApplicationStarted[0] - Hosting environment: Development
2023-11-16 12:42:44,112 [1] INFO Microsoft.Hosting.Lifetime.OnApplicationStarted[0] - Content root path: C:\Users\vinay\OneDrive\Desktop\whole not hole\BusTicketingWebSolution\BusTicketingWebSolution\BusTicketingWebApplication\
2023-11-16 12:48:08,298 [.NET ThreadPool Worker] INFO Microsoft.EntityFrameworkCore.Infrastructure.?[?] - Entity Framework Core 6.0.24 initialized 'TicketingContext' using provider 'Microsoft.EntityFrameworkCore.SqlServer:6.0.24' with options: None
2023-11-16 12:48:09,927 [.NET ThreadPool Worker] INFO Microsoft.EntityFrameworkCore.Database.Command.?[?] - Executed DbCommand (220ms) [Parameters=[@p0='?' (Size = 450), @p1='?' (Size = 8000) (DbType = Binary), @p2='?' (Size = 8000) (DbType = Binary), @p3='?' (Size = 4000)], CommandType='Text', CommandTimeout='30']
SET NOCOUNT ON;
INSERT INTO [Users] ([Username], [Key], [Password], [Role])
VALUES (@p0, @p1, @p2, @p3);
2023-11-16 12:48:20,111 [.NET ThreadPool Worker] INFO Microsoft.EntityFrameworkCore.Infrastructure.?[?] - Entity Framework Core 6.0.24 initialized 'TicketingContext' using provider 'Microsoft.EntityFrameworkCore.SqlServer:6.0.24' with options: None
2023-11-16 12:48:20,723 [.NET ThreadPool Worker] INFO Microsoft.EntityFrameworkCore.Database.Command.?[?] - Executed DbCommand (8ms) [Parameters=[@__key_0='?' (Size = 450)], CommandType='Text', CommandTimeout='30']
SELECT TOP(2) [u].[Username], [u].[Key], [u].[Password], [u].[Role]
FROM [Users] AS [u]
WHERE [u].[Username] = @__key_0
2023-11-16 12:56:01,235 [.NET ThreadPool Worker] INFO Microsoft.EntityFrameworkCore.Infrastructure.?[?] - Entity Framework Core 6.0.24 initialized 'TicketingContext' using provider 'Microsoft.EntityFrameworkCore.SqlServer:6.0.24' with options: None
2023-11-16 12:56:01,326 [.NET ThreadPool Worker] INFO Microsoft.EntityFrameworkCore.Database.Command.?[?] - Executed DbCommand (36ms) [Parameters=[], CommandType='Text', CommandTimeout='30']
SELECT COUNT(*)
FROM [Buses] AS [b]
2023-11-16 17:21:22,916 [1] INFO Microsoft.Hosting.Lifetime.?[?] - Now listening on: http://localhost:5041
2023-11-16 17:21:23,045 [1] INFO Microsoft.Hosting.Lifetime.OnApplicationStarted[0] - Application started. Press Ctrl+C to shut down.
2023-11-16 17:21:23,052 [1] INFO Microsoft.Hosting.Lifetime.OnApplicationStarted[0] - Hosting environment: Development
2023-11-16 17:21:23,054 [1] INFO Microsoft.Hosting.Lifetime.OnApplicationStarted[0] - Content root path: C:\Users\vinay\OneDrive\Desktop\whole not hole\BusTicketingWebSolution\BusTicketingWebSolution\BusTicketingWebApplication\
2023-11-16 17:24:56,357 [1] INFO Microsoft.EntityFrameworkCore.Infrastructure.?[?] - Entity Framework Core 6.0.24 initialized 'TicketingContext' using provider 'Microsoft.EntityFrameworkCore.SqlServer:6.0.24' with options: None
2023-11-16 17:26:54,132 [1] INFO Microsoft.EntityFrameworkCore.Infrastructure.?[?] - Entity Framework Core 6.0.24 initialized 'TicketingContext' using provider 'Microsoft.EntityFrameworkCore.SqlServer:6.0.24' with options: None
2023-11-16 17:26:54,372 [1] INFO Microsoft.EntityFrameworkCore.Database.Command.?[?] - Executed DbCommand (14ms) [Parameters=[], CommandType='Text', CommandTimeout='30']
SELECT 1
2023-11-16 17:26:54,395 [1] INFO Microsoft.EntityFrameworkCore.Database.Command.?[?] - Executed DbCommand (11ms) [Parameters=[], CommandType='Text', CommandTimeout='30']
SELECT OBJECT_ID(N'[__EFMigrationsHistory]');
2023-11-16 17:26:54,398 [1] INFO Microsoft.EntityFrameworkCore.Database.Command.?[?] - Executed DbCommand (1ms) [Parameters=[], CommandType='Text', CommandTimeout='30']
SELECT 1
2023-11-16 17:26:54,398 [1] INFO Microsoft.EntityFrameworkCore.Database.Command.?[?] - Executed DbCommand (0ms) [Parameters=[], CommandType='Text', CommandTimeout='30']
SELECT OBJECT_ID(N'[__EFMigrationsHistory]');
2023-11-16 17:26:54,423 [1] INFO Microsoft.EntityFrameworkCore.Database.Command.?[?] - Executed DbCommand (8ms) [Parameters=[], CommandType='Text', CommandTimeout='30']
SELECT [MigrationId], [ProductVersion]
FROM [__EFMigrationsHistory]
ORDER BY [MigrationId];
2023-11-16 17:26:54,436 [1] INFO Microsoft.EntityFrameworkCore.Migrations.?[?] - Applying migration '20231116115456_Bus Routes added'.
2023-11-16 17:26:54,498 [1] INFO Microsoft.EntityFrameworkCore.Database.Command.?[?] - Executed DbCommand (23ms) [Parameters=[], CommandType='Text', CommandTimeout='30']
CREATE TABLE [BusRoutes] (
    [RouteId] int NOT NULL IDENTITY,
    [Start] nvarchar(max) NOT NULL,
    [End] nvarchar(max) NOT NULL,
    CONSTRAINT [PK_BusRoutes] PRIMARY KEY ([RouteId])
);
2023-11-16 17:26:54,503 [1] INFO Microsoft.EntityFrameworkCore.Database.Command.?[?] - Executed DbCommand (5ms) [Parameters=[], CommandType='Text', CommandTimeout='30']
INSERT INTO [__EFMigrationsHistory] ([MigrationId], [ProductVersion])
VALUES (N'20231116115456_Bus Routes added', N'6.0.24');
2023-11-16 17:28:50,572 [1] INFO Microsoft.Hosting.Lifetime.?[?] - Now listening on: http://localhost:5041
2023-11-16 17:28:50,664 [1] INFO Microsoft.Hosting.Lifetime.OnApplicationStarted[0] - Application started. Press Ctrl+C to shut down.
2023-11-16 17:28:50,670 [1] INFO Microsoft.Hosting.Lifetime.OnApplicationStarted[0] - Hosting environment: Development
2023-11-16 17:28:50,672 [1] INFO Microsoft.Hosting.Lifetime.OnApplicationStarted[0] - Content root path: C:\Users\vinay\OneDrive\Desktop\whole not hole\BusTicketingWebSolution\BusTicketingWebSolution\BusTicketingWebApplication\
2023-11-16 17:31:16,201 [.NET ThreadPool Worker] INFO Microsoft.EntityFrameworkCore.Infrastructure.?[?] - Entity Framework Core 6.0.24 initialized 'TicketingContext' using provider 'Microsoft.EntityFrameworkCore.SqlServer:6.0.24' with options: None
2023-11-16 17:31:17,489 [.NET ThreadPool Worker] INFO Microsoft.EntityFrameworkCore.Database.Command.?[?] - Executed DbCommand (76ms) [Parameters=[@__key_0='?' (Size = 450)], CommandType='Text', CommandTimeout='30']
SELECT TOP(2) [u].[Username], [u].[Key], [u].[Password], [u].[Role]
FROM [Users] AS [u]
WHERE [u].[Username] = @__key_0
2023-11-16 17:43:42,970 [1] INFO Microsoft.Hosting.Lifetime.?[?] - Now listening on: http://localhost:5110
2023-11-16 17:43:43,053 [1] INFO Microsoft.Hosting.Lifetime.OnApplicationStarted[0] - Application started. Press Ctrl+C to shut down.
2023-11-16 17:43:43,057 [1] INFO Microsoft.Hosting.Lifetime.OnApplicationStarted[0] - Hosting environment: Development
2023-11-16 17:43:43,059 [1] INFO Microsoft.Hosting.Lifetime.OnApplicationStarted[0] - Content root path: C:\Users\vinay\OneDrive\Desktop\whole not hole\BusTicketingWebSolution\BusTicketingWebSolution\BusTicketingWebApplication\
2023-11-17 16:44:49,873 [1] INFO Microsoft.Hosting.Lifetime.?[?] - Now listening on: http://localhost:5110
2023-11-17 16:44:50,119 [1] INFO Microsoft.Hosting.Lifetime.OnApplicationStarted[0] - Application started. Press Ctrl+C to shut down.
2023-11-17 16:44:50,127 [1] INFO Microsoft.Hosting.Lifetime.OnApplicationStarted[0] - Hosting environment: Development
2023-11-17 16:44:50,131 [1] INFO Microsoft.Hosting.Lifetime.OnApplicationStarted[0] - Content root path: C:\Users\vinay\OneDrive\Desktop\whole not hole\BusTicketingWebSolution\BusTicketingWebSolution\BusTicketingWebApplication\
2023-11-17 16:45:07,047 [.NET ThreadPool Worker] INFO Microsoft.EntityFrameworkCore.Infrastructure.?[?] - Entity Framework Core 6.0.24 initialized 'TicketingContext' using provider 'Microsoft.EntityFrameworkCore.SqlServer:6.0.24' with options: None
2023-11-17 16:45:09,718 [.NET ThreadPool Worker] INFO Microsoft.EntityFrameworkCore.Database.Command.?[?] - Executed DbCommand (163ms) [Parameters=[@__key_0='?' (Size = 450)], CommandType='Text', CommandTimeout='30']
SELECT TOP(2) [u].[Username], [u].[Key], [u].[Password], [u].[Role]
FROM [Users] AS [u]
WHERE [u].[Username] = @__key_0
2023-11-17 16:47:21,219 [.NET ThreadPool Worker] INFO Microsoft.EntityFrameworkCore.Infrastructure.?[?] - Entity Framework Core 6.0.24 initialized 'TicketingContext' using provider 'Microsoft.EntityFrameworkCore.SqlServer:6.0.24' with options: None
2023-11-17 16:47:21,237 [.NET ThreadPool Worker] INFO Microsoft.EntityFrameworkCore.Database.Command.?[?] - Executed DbCommand (6ms) [Parameters=[@__key_0='?' (Size = 450)], CommandType='Text', CommandTimeout='30']
SELECT TOP(2) [u].[Username], [u].[Key], [u].[Password], [u].[Role]
FROM [Users] AS [u]
WHERE [u].[Username] = @__key_0
2023-11-17 16:47:43,378 [.NET ThreadPool Worker] INFO Microsoft.EntityFrameworkCore.Infrastructure.?[?] - Entity Framework Core 6.0.24 initialized 'TicketingContext' using provider 'Microsoft.EntityFrameworkCore.SqlServer:6.0.24' with options: None
2023-11-17 16:47:43,705 [.NET ThreadPool Worker] INFO Microsoft.EntityFrameworkCore.Database.Command.?[?] - Executed DbCommand (108ms) [Parameters=[@p0='?' (DbType = Int32), @p1='?' (DbType = Single), @p2='?' (Size = 4000), @p3='?' (Size = 4000), @p4='?' (Size = 4000)], CommandType='Text', CommandTimeout='30']
SET NOCOUNT ON;
INSERT INTO [Buses] ([Capacity], [Cost], [End], [Start], [Type])
VALUES (@p0, @p1, @p2, @p3, @p4);
SELECT [Id]
FROM [Buses]
WHERE @@ROWCOUNT = 1 AND [Id] = scope_identity();
2023-11-17 16:48:25,863 [.NET ThreadPool Worker] INFO Microsoft.EntityFrameworkCore.Infrastructure.?[?] - Entity Framework Core 6.0.24 initialized 'TicketingContext' using provider 'Microsoft.EntityFrameworkCore.SqlServer:6.0.24' with options: None
2023-11-17 16:48:25,941 [.NET ThreadPool Worker] INFO Microsoft.EntityFrameworkCore.Database.Command.?[?] - Executed DbCommand (62ms) [Parameters=[@p0='?' (Size = 4000), @p1='?' (Size = 4000)], CommandType='Text', CommandTimeout='30']
SET NOCOUNT ON;
INSERT INTO [BusRoutes] ([End], [Start])
VALUES (@p0, @p1);
SELECT [RouteId]
FROM [BusRoutes]
WHERE @@ROWCOUNT = 1 AND [RouteId] = scope_identity();
2023-11-17 22:25:28,499 [1] INFO Microsoft.Hosting.Lifetime.?[?] - Now listening on: http://localhost:5110
2023-11-17 22:25:28,818 [1] INFO Microsoft.Hosting.Lifetime.OnApplicationStarted[0] - Application started. Press Ctrl+C to shut down.
2023-11-17 22:25:28,828 [1] INFO Microsoft.Hosting.Lifetime.OnApplicationStarted[0] - Hosting environment: Development
2023-11-17 22:25:28,831 [1] INFO Microsoft.Hosting.Lifetime.OnApplicationStarted[0] - Content root path: C:\Users\vinay\OneDrive\Desktop\whole not hole\BusTicketingWebSolution\BusTicketingWebSolution\BusTicketingWebApplication\
2023-11-17 22:43:33,506 [1] INFO Microsoft.Hosting.Lifetime.?[?] - Now listening on: http://localhost:5110
2023-11-17 22:43:33,589 [1] INFO Microsoft.Hosting.Lifetime.OnApplicationStarted[0] - Application started. Press Ctrl+C to shut down.
2023-11-17 22:43:33,595 [1] INFO Microsoft.Hosting.Lifetime.OnApplicationStarted[0] - Hosting environment: Development
2023-11-17 22:43:33,597 [1] INFO Microsoft.Hosting.Lifetime.OnApplicationStarted[0] - Content root path: C:\Users\vinay\OneDrive\Desktop\whole not hole\BusTicketingWebSolution\BusTicketingWebSolution\BusTicketingWebApplication\
2023-11-17 22:53:03,676 [1] INFO Microsoft.Hosting.Lifetime.?[?] - Now listening on: http://localhost:5110
2023-11-17 22:53:03,784 [1] INFO Microsoft.Hosting.Lifetime.OnApplicationStarted[0] - Application started. Press Ctrl+C to shut down.
2023-11-17 22:53:03,791 [1] INFO Microsoft.Hosting.Lifetime.OnApplicationStarted[0] - Hosting environment: Development
2023-11-17 22:53:03,793 [1] INFO Microsoft.Hosting.Lifetime.OnApplicationStarted[0] - Content root path: C:\Users\vinay\OneDrive\Desktop\whole not hole\BusTicketingWebSolution\BusTicketingWebSolution\BusTicketingWebApplication\
2023-11-17 22:55:18,583 [1] INFO Microsoft.Hosting.Lifetime.?[?] - Now listening on: http://localhost:5110
2023-11-17 22:55:18,684 [1] INFO Microsoft.Hosting.Lifetime.OnApplicationStarted[0] - Application started. Press Ctrl+C to shut down.
2023-11-17 22:55:18,691 [1] INFO Microsoft.Hosting.Lifetime.OnApplicationStarted[0] - Hosting environment: Development
2023-11-17 22:55:18,694 [1] INFO Microsoft.Hosting.Lifetime.OnApplicationStarted[0] - Content root path: C:\Users\vinay\OneDrive\Desktop\whole not hole\BusTicketingWebSolution\BusTicketingWebSolution\BusTicketingWebApplication\
2023-11-17 22:59:07,514 [1] INFO Microsoft.Hosting.Lifetime.?[?] - Now listening on: http://localhost:5110
2023-11-17 22:59:07,613 [1] INFO Microsoft.Hosting.Lifetime.OnApplicationStarted[0] - Application started. Press Ctrl+C to shut down.
2023-11-17 22:59:07,619 [1] INFO Microsoft.Hosting.Lifetime.OnApplicationStarted[0] - Hosting environment: Development
2023-11-17 22:59:07,622 [1] INFO Microsoft.Hosting.Lifetime.OnApplicationStarted[0] - Content root path: C:\Users\vinay\OneDrive\Desktop\whole not hole\BusTicketingWebSolution\BusTicketingWebSolution\BusTicketingWebApplication\
2023-11-17 23:36:44,116 [1] INFO Microsoft.Hosting.Lifetime.?[?] - Now listening on: http://localhost:5110
2023-11-17 23:36:44,199 [1] INFO Microsoft.Hosting.Lifetime.OnApplicationStarted[0] - Application started. Press Ctrl+C to shut down.
2023-11-17 23:36:44,203 [1] INFO Microsoft.Hosting.Lifetime.OnApplicationStarted[0] - Hosting environment: Development
2023-11-17 23:36:44,205 [1] INFO Microsoft.Hosting.Lifetime.OnApplicationStarted[0] - Content root path: C:\Users\vinay\OneDrive\Desktop\whole not hole\BusTicketingWebSolution\BusTicketingWebSolution\BusTicketingWebApplication\
2023-11-17 23:36:46,424 [.NET ThreadPool Worker] ERROR Microsoft.AspNetCore.Diagnostics.DeveloperExceptionPageMiddleware.?[?] - An unhandled exception has occurred while executing the request.
Swashbuckle.AspNetCore.SwaggerGen.SwaggerGeneratorException: Ambiguous HTTP method for action - BusTicketingWebApplication.Controllers.CustomerController.GetAllBusses (BusTicketingWebApplication). Actions require an explicit HttpMethod binding for Swagger/OpenAPI 3.0
   at Swashbuckle.AspNetCore.SwaggerGen.SwaggerGenerator.GenerateOperations(IEnumerable`1 apiDescriptions, SchemaRepository schemaRepository)
   at Swashbuckle.AspNetCore.SwaggerGen.SwaggerGenerator.GeneratePaths(IEnumerable`1 apiDescriptions, SchemaRepository schemaRepository)
   at Swashbuckle.AspNetCore.SwaggerGen.SwaggerGenerator.GetSwaggerDocumentWithoutFilters(String documentName, String host, String basePath)
   at Swashbuckle.AspNetCore.SwaggerGen.SwaggerGenerator.GetSwaggerAsync(String documentName, String host, String basePath)
   at Swashbuckle.AspNetCore.Swagger.SwaggerMiddleware.Invoke(HttpContext httpContext, ISwaggerProvider swaggerProvider)
   at Microsoft.AspNetCore.Diagnostics.DeveloperExceptionPageMiddleware.Invoke(HttpContext context)
2023-11-17 23:38:56,447 [1] INFO Microsoft.Hosting.Lifetime.?[?] - Now listening on: http://localhost:5110
2023-11-17 23:38:56,506 [1] INFO Microsoft.Hosting.Lifetime.OnApplicationStarted[0] - Application started. Press Ctrl+C to shut down.
2023-11-17 23:38:56,510 [1] INFO Microsoft.Hosting.Lifetime.OnApplicationStarted[0] - Hosting environment: Development
2023-11-17 23:38:56,511 [1] INFO Microsoft.Hosting.Lifetime.OnApplicationStarted[0] - Content root path: C:\Users\vinay\OneDrive\Desktop\whole not hole\BusTicketingWebSolution\BusTicketingWebSolution\BusTicketingWebApplication\
2023-11-17 23:38:58,178 [.NET ThreadPool Worker] ERROR Microsoft.AspNetCore.Diagnostics.DeveloperExceptionPageMiddleware.?[?] - An unhandled exception has occurred while executing the request.
Swashbuckle.AspNetCore.SwaggerGen.SwaggerGeneratorException: Ambiguous HTTP method for action - BusTicketingWebApplication.Controllers.CustomerController.GetAllBusses (BusTicketingWebApplication). Actions require an explicit HttpMethod binding for Swagger/OpenAPI 3.0
   at Swashbuckle.AspNetCore.SwaggerGen.SwaggerGenerator.GenerateOperations(IEnumerable`1 apiDescriptions, SchemaRepository schemaRepository)
   at Swashbuckle.AspNetCore.SwaggerGen.SwaggerGenerator.GeneratePaths(IEnumerable`1 apiDescriptions, SchemaRepository schemaRepository)
   at Swashbuckle.AspNetCore.SwaggerGen.SwaggerGenerator.GetSwaggerDocumentWithoutFilters(String documentName, String host, String basePath)
   at Swashbuckle.AspNetCore.SwaggerGen.SwaggerGenerator.GetSwaggerAsync(String documentName, String host, String basePath)
   at Swashbuckle.AspNetCore.Swagger.SwaggerMiddleware.Invoke(HttpContext httpContext, ISwaggerProvider swaggerProvider)
   at Microsoft.AspNetCore.Diagnostics.DeveloperExceptionPageMiddleware.Invoke(HttpContext context)
2023-11-17 23:46:55,733 [1] INFO Microsoft.Hosting.Lifetime.?[?] - Now listening on: http://localhost:5110
2023-11-17 23:46:55,822 [1] INFO Microsoft.Hosting.Lifetime.OnApplicationStarted[0] - Application started. Press Ctrl+C to shut down.
2023-11-17 23:46:55,827 [1] INFO Microsoft.Hosting.Lifetime.OnApplicationStarted[0] - Hosting environment: Development
2023-11-17 23:46:55,829 [1] INFO Microsoft.Hosting.Lifetime.OnApplicationStarted[0] - Content root path: C:\Users\vinay\OneDrive\Desktop\whole not hole\BusTicketingWebSolution\BusTicketingWebSolution\BusTicketingWebApplication\
2023-11-17 23:46:56,966 [.NET ThreadPool Worker] ERROR Microsoft.AspNetCore.Diagnostics.DeveloperExceptionPageMiddleware.?[?] - An unhandled exception has occurred while executing the request.
Swashbuckle.AspNetCore.SwaggerGen.SwaggerGeneratorException: Ambiguous HTTP method for action - BusTicketingWebApplication.Controllers.CustomerController.GetAllBusses (BusTicketingWebApplication). Actions require an explicit HttpMethod binding for Swagger/OpenAPI 3.0
   at Swashbuckle.AspNetCore.SwaggerGen.SwaggerGenerator.GenerateOperations(IEnumerable`1 apiDescriptions, SchemaRepository schemaRepository)
   at Swashbuckle.AspNetCore.SwaggerGen.SwaggerGenerator.GeneratePaths(IEnumerable`1 apiDescriptions, SchemaRepository schemaRepository)
   at Swashbuckle.AspNetCore.SwaggerGen.SwaggerGenerator.GetSwaggerDocumentWithoutFilters(String documentName, String host, String basePath)
   at Swashbuckle.AspNetCore.SwaggerGen.SwaggerGenerator.GetSwaggerAsync(String documentName, String host, String basePath)
   at Swashbuckle.AspNetCore.Swagger.SwaggerMiddleware.Invoke(HttpContext httpContext, ISwaggerProvider swaggerProvider)
   at Microsoft.AspNetCore.Diagnostics.DeveloperExceptionPageMiddleware.Invoke(HttpContext context)
2023-11-17 23:47:02,220 [.NET ThreadPool Worker] INFO Microsoft.EntityFrameworkCore.Infrastructure.?[?] - Entity Framework Core 6.0.24 initialized 'TicketingContext' using provider 'Microsoft.EntityFrameworkCore.SqlServer:6.0.24' with options: None
2023-11-17 23:47:03,303 [.NET ThreadPool Worker] INFO Microsoft.EntityFrameworkCore.Database.Command.?[?] - Executed DbCommand (76ms) [Parameters=[], CommandType='Text', CommandTimeout='30']
SELECT COUNT(*)
FROM [Buses] AS [b]
2023-11-17 23:47:03,430 [.NET ThreadPool Worker] INFO Microsoft.EntityFrameworkCore.Database.Command.?[?] - Executed DbCommand (8ms) [Parameters=[], CommandType='Text', CommandTimeout='30']
SELECT [b].[Id], [b].[Capacity], [b].[Cost], [b].[End], [b].[Start], [b].[Type]
FROM [Buses] AS [b]
2023-11-17 23:51:24,525 [.NET ThreadPool Worker] INFO Microsoft.EntityFrameworkCore.Infrastructure.?[?] - Entity Framework Core 6.0.24 initialized 'TicketingContext' using provider 'Microsoft.EntityFrameworkCore.SqlServer:6.0.24' with options: None
2023-11-17 23:51:24,782 [.NET ThreadPool Worker] INFO Microsoft.EntityFrameworkCore.Database.Command.?[?] - Executed DbCommand (69ms) [Parameters=[@p0='?' (DbType = Int32), @p1='?' (DbType = Single), @p2='?' (Size = 4000), @p3='?' (Size = 4000), @p4='?' (Size = 4000)], CommandType='Text', CommandTimeout='30']
SET NOCOUNT ON;
INSERT INTO [Buses] ([Capacity], [Cost], [End], [Start], [Type])
VALUES (@p0, @p1, @p2, @p3, @p4);
SELECT [Id]
FROM [Buses]
WHERE @@ROWCOUNT = 1 AND [Id] = scope_identity();
2023-11-17 23:51:42,909 [.NET ThreadPool Worker] INFO Microsoft.EntityFrameworkCore.Infrastructure.?[?] - Entity Framework Core 6.0.24 initialized 'TicketingContext' using provider 'Microsoft.EntityFrameworkCore.SqlServer:6.0.24' with options: None
2023-11-17 23:51:42,918 [.NET ThreadPool Worker] INFO Microsoft.EntityFrameworkCore.Database.Command.?[?] - Executed DbCommand (2ms) [Parameters=[@p0='?' (DbType = Int32), @p1='?' (DbType = Single), @p2='?' (Size = 4000), @p3='?' (Size = 4000), @p4='?' (Size = 4000)], CommandType='Text', CommandTimeout='30']
SET NOCOUNT ON;
INSERT INTO [Buses] ([Capacity], [Cost], [End], [Start], [Type])
VALUES (@p0, @p1, @p2, @p3, @p4);
SELECT [Id]
FROM [Buses]
WHERE @@ROWCOUNT = 1 AND [Id] = scope_identity();
2023-11-17 23:52:01,601 [.NET ThreadPool Worker] INFO Microsoft.EntityFrameworkCore.Infrastructure.?[?] - Entity Framework Core 6.0.24 initialized 'TicketingContext' using provider 'Microsoft.EntityFrameworkCore.SqlServer:6.0.24' with options: None
2023-11-17 23:52:01,609 [.NET ThreadPool Worker] INFO Microsoft.EntityFrameworkCore.Database.Command.?[?] - Executed DbCommand (0ms) [Parameters=[@p0='?' (DbType = Int32), @p1='?' (DbType = Single), @p2='?' (Size = 4000), @p3='?' (Size = 4000), @p4='?' (Size = 4000)], CommandType='Text', CommandTimeout='30']
SET NOCOUNT ON;
INSERT INTO [Buses] ([Capacity], [Cost], [End], [Start], [Type])
VALUES (@p0, @p1, @p2, @p3, @p4);
SELECT [Id]
FROM [Buses]
WHERE @@ROWCOUNT = 1 AND [Id] = scope_identity();
2023-11-17 23:53:53,918 [.NET ThreadPool Worker] INFO Microsoft.EntityFrameworkCore.Infrastructure.?[?] - Entity Framework Core 6.0.24 initialized 'TicketingContext' using provider 'Microsoft.EntityFrameworkCore.SqlServer:6.0.24' with options: None
2023-11-17 23:53:53,927 [.NET ThreadPool Worker] INFO Microsoft.EntityFrameworkCore.Database.Command.?[?] - Executed DbCommand (2ms) [Parameters=[@p0='?' (DbType = Int32), @p1='?' (DbType = Single), @p2='?' (Size = 4000), @p3='?' (Size = 4000), @p4='?' (Size = 4000)], CommandType='Text', CommandTimeout='30']
SET NOCOUNT ON;
INSERT INTO [Buses] ([Capacity], [Cost], [End], [Start], [Type])
VALUES (@p0, @p1, @p2, @p3, @p4);
SELECT [Id]
FROM [Buses]
WHERE @@ROWCOUNT = 1 AND [Id] = scope_identity();
2023-11-17 23:54:06,408 [.NET ThreadPool Worker] INFO Microsoft.EntityFrameworkCore.Infrastructure.?[?] - Entity Framework Core 6.0.24 initialized 'TicketingContext' using provider 'Microsoft.EntityFrameworkCore.SqlServer:6.0.24' with options: None
2023-11-17 23:54:06,414 [.NET ThreadPool Worker] INFO Microsoft.EntityFrameworkCore.Database.Command.?[?] - Executed DbCommand (2ms) [Parameters=[], CommandType='Text', CommandTimeout='30']
SELECT COUNT(*)
FROM [Buses] AS [b]
2023-11-17 23:54:06,420 [.NET ThreadPool Worker] INFO Microsoft.EntityFrameworkCore.Database.Command.?[?] - Executed DbCommand (1ms) [Parameters=[], CommandType='Text', CommandTimeout='30']
SELECT [b].[Id], [b].[Capacity], [b].[Cost], [b].[End], [b].[Start], [b].[Type]
FROM [Buses] AS [b]
2023-11-17 23:54:17,815 [.NET ThreadPool Worker] INFO Microsoft.EntityFrameworkCore.Infrastructure.?[?] - Entity Framework Core 6.0.24 initialized 'TicketingContext' using provider 'Microsoft.EntityFrameworkCore.SqlServer:6.0.24' with options: None
2023-11-17 23:54:17,819 [.NET ThreadPool Worker] INFO Microsoft.EntityFrameworkCore.Database.Command.?[?] - Executed DbCommand (0ms) [Parameters=[], CommandType='Text', CommandTimeout='30']
SELECT COUNT(*)
FROM [Buses] AS [b]
2023-11-17 23:54:17,824 [.NET ThreadPool Worker] INFO Microsoft.EntityFrameworkCore.Database.Command.?[?] - Executed DbCommand (0ms) [Parameters=[], CommandType='Text', CommandTimeout='30']
SELECT [b].[Id], [b].[Capacity], [b].[Cost], [b].[End], [b].[Start], [b].[Type]
FROM [Buses] AS [b]
2023-11-18 00:06:01,461 [.NET ThreadPool Worker] INFO Microsoft.EntityFrameworkCore.Infrastructure.?[?] - Entity Framework Core 6.0.24 initialized 'TicketingContext' using provider 'Microsoft.EntityFrameworkCore.SqlServer:6.0.24' with options: None
2023-11-18 00:06:01,474 [.NET ThreadPool Worker] INFO Microsoft.EntityFrameworkCore.Database.Command.?[?] - Executed DbCommand (1ms) [Parameters=[], CommandType='Text', CommandTimeout='30']
SELECT COUNT(*)
FROM [Buses] AS [b]
2023-11-18 00:06:01,480 [.NET ThreadPool Worker] INFO Microsoft.EntityFrameworkCore.Database.Command.?[?] - Executed DbCommand (1ms) [Parameters=[], CommandType='Text', CommandTimeout='30']
SELECT [b].[Id], [b].[Capacity], [b].[Cost], [b].[End], [b].[Start], [b].[Type]
FROM [Buses] AS [b]
2023-11-18 00:08:10,031 [1] INFO Microsoft.Hosting.Lifetime.?[?] - Now listening on: http://localhost:5110
2023-11-18 00:08:10,109 [1] INFO Microsoft.Hosting.Lifetime.OnApplicationStarted[0] - Application started. Press Ctrl+C to shut down.
2023-11-18 00:08:10,112 [1] INFO Microsoft.Hosting.Lifetime.OnApplicationStarted[0] - Hosting environment: Development
2023-11-18 00:08:10,115 [1] INFO Microsoft.Hosting.Lifetime.OnApplicationStarted[0] - Content root path: C:\Users\vinay\OneDrive\Desktop\whole not hole\BusTicketingWebSolution\BusTicketingWebSolution\BusTicketingWebApplication\
2023-11-18 00:08:24,665 [.NET ThreadPool Worker] INFO Microsoft.EntityFrameworkCore.Infrastructure.?[?] - Entity Framework Core 6.0.24 initialized 'TicketingContext' using provider 'Microsoft.EntityFrameworkCore.SqlServer:6.0.24' with options: None
2023-11-18 00:08:25,480 [.NET ThreadPool Worker] INFO Microsoft.EntityFrameworkCore.Database.Command.?[?] - Executed DbCommand (33ms) [Parameters=[], CommandType='Text', CommandTimeout='30']
SELECT COUNT(*)
FROM [Buses] AS [b]
2023-11-18 00:08:25,577 [.NET ThreadPool Worker] INFO Microsoft.EntityFrameworkCore.Database.Command.?[?] - Executed DbCommand (4ms) [Parameters=[], CommandType='Text', CommandTimeout='30']
SELECT [b].[Id], [b].[Capacity], [b].[Cost], [b].[End], [b].[Start], [b].[Type]
FROM [Buses] AS [b]
2023-11-18 00:10:56,041 [.NET ThreadPool Worker] INFO Microsoft.EntityFrameworkCore.Infrastructure.?[?] - Entity Framework Core 6.0.24 initialized 'TicketingContext' using provider 'Microsoft.EntityFrameworkCore.SqlServer:6.0.24' with options: None
2023-11-18 00:10:56,048 [.NET ThreadPool Worker] INFO Microsoft.EntityFrameworkCore.Database.Command.?[?] - Executed DbCommand (2ms) [Parameters=[], CommandType='Text', CommandTimeout='30']
SELECT COUNT(*)
FROM [Buses] AS [b]
2023-11-18 00:10:56,051 [.NET ThreadPool Worker] INFO Microsoft.EntityFrameworkCore.Database.Command.?[?] - Executed DbCommand (1ms) [Parameters=[], CommandType='Text', CommandTimeout='30']
SELECT [b].[Id], [b].[Capacity], [b].[Cost], [b].[End], [b].[Start], [b].[Type]
FROM [Buses] AS [b]
